c:\users\николай\source\repos\ntstandartproblems\ntstandartproblems\debug\ntstandartproblems.pch
c:\users\николай\source\repos\ntstandartproblems\ntstandartproblems\debug\vc141.pdb
c:\users\николай\source\repos\ntstandartproblems\ntstandartproblems\debug\vc141.idb
c:\users\николай\source\repos\ntstandartproblems\ntstandartproblems\debug\stdafx.obj
c:\users\николай\source\repos\ntstandartproblems\ntstandartproblems\debug\ntstandartproblems.obj
c:\users\николай\source\repos\ntstandartproblems\ntstandartproblems\debug\ntstandartmathproblem.obj
c:\users\николай\source\repos\ntstandartproblems\ntstandartproblems\debug\ntstandartalgorithm.obj
c:\users\николай\source\repos\ntstandartproblems\ntstandartproblems\debug\ntgradientproblemalgorithm.obj
c:\users\николай\source\repos\ntstandartproblems\ntstandartproblems\debug\ntgradientproblem.obj
c:\users\николай\source\repos\ntstandartproblems\ntstandartproblems\debug\dllmain.obj
c:\users\николай\source\repos\paaoptimisation\debug\ntstandartproblems.dll
c:\users\николай\source\repos\paaoptimisation\debug\ntstandartproblems.ilk
c:\users\николай\source\repos\paaoptimisation\debug\ntstandartproblems.pdb
c:\users\николай\source\repos\paaoptimisation\debug\ntstandartproblems.lib
c:\users\николай\source\repos\paaoptimisation\debug\ntstandartproblems.exp
c:\users\николай\source\repos\ntstandartproblems\ntstandartproblems\debug\ntstanda.0f888f8a.tlog\cl.command.1.tlog
c:\users\николай\source\repos\ntstandartproblems\ntstandartproblems\debug\ntstanda.0f888f8a.tlog\cl.read.1.tlog
c:\users\николай\source\repos\ntstandartproblems\ntstandartproblems\debug\ntstanda.0f888f8a.tlog\cl.write.1.tlog
c:\users\николай\source\repos\ntstandartproblems\ntstandartproblems\debug\ntstanda.0f888f8a.tlog\link.command.1.tlog
c:\users\николай\source\repos\ntstandartproblems\ntstandartproblems\debug\ntstanda.0f888f8a.tlog\link.read.1.tlog
c:\users\николай\source\repos\ntstandartproblems\ntstandartproblems\debug\ntstanda.0f888f8a.tlog\link.write.1.tlog
c:\users\николай\source\repos\ntstandartproblems\ntstandartproblems\debug\ntstanda.0f888f8a.tlog\ntstandartproblems.write.1u.tlog
